Log file open, 08/17/22 17:09:22
LogWindows: Failed to load 'aqProf.dll' (GetLastError=126)
LogWindows: File 'aqProf.dll' does not exist
LogWindows: Failed to load 'VtuneApi.dll' (GetLastError=126)
LogWindows: File 'VtuneApi.dll' does not exist
LogWindows: Failed to load 'VtuneApi32e.dll' (GetLastError=126)
LogWindows: File 'VtuneApi32e.dll' does not exist
LogConsoleResponse: Display: Failed to find resolution value strings in scalability ini. Falling back to default.
LogConsoleResponse: Display: Failed to find resolution value strings in scalability ini. Falling back to default.
LogInit: Display: Running engine for game: MyProgect
LogInit: Display: Project file not found: ../../../MyProgect/MyProgect.uproject
LogInit: Display: 	Attempting to find via project info helper.
LogUProjectInfo: Found projects:
LogPakFile: Display: Found Pak file ../../../MyProgect/Content/Paks/MyProgect-WindowsNoEditor.pak attempting to mount.
LogPakFile: Display: Mounting pak file ../../../MyProgect/Content/Paks/MyProgect-WindowsNoEditor.pak.
LogPakFile: PakFile PrimaryIndexSize=70090
LogPakFile: PakFile PathHashIndexSize=64523
LogPakFile: PakFile FullDirectoryIndexSize=111082
LogShaderLibrary: Display: ShaderCodeLibraryPakFileMountedCallback: PakFile '../../../MyProgect/Content/Paks/MyProgect-WindowsNoEditor.pak' (chunk index -1, root '../../../') mounted
LogShaderLibrary: Display: ShaderCodeLibraryPakFileMountedCallback: pending pak file info (ChunkID:-1 Root:../../../ File:../../../MyProgect/Content/Paks/MyProgect-WindowsNoEditor.pak)
LogPakFile: OnPakFileMounted2Time == 0.000060
LogPlatformFile: Not using cached read wrapper
LogTaskGraph: Started task graph with 5 named threads and 23 total threads with 3 sets of task threads.
LogStats: Stats thread started at 0.221033
LogICUInternationalization: ICU TimeZone Detection - Raw Offset: +8:00, Platform Override: ''
LogInit: Display: Loading text-based GConfig....
LogPluginManager: Mounting plugin Paper2D
LogPluginManager: Mounting plugin AISupport
LogPluginManager: Mounting plugin EnvironmentQueryEditor
LogPluginManager: Mounting plugin LightPropagationVolume
LogPluginManager: Mounting plugin CameraShakePreviewer
LogPluginManager: Mounting plugin GameplayCameras
LogPluginManager: Mounting plugin TemplateSequence
LogPluginManager: Mounting plugin LevelSequenceEditor
LogPluginManager: Mounting plugin OodleData
LogPluginManager: Mounting plugin OodleNetwork
LogPluginManager: Mounting plugin AnimationSharing
LogPluginManager: Mounting plugin SignificanceManager
LogPluginManager: Mounting plugin PixWinPlugin
LogPluginManager: Mounting plugin PluginUtils
LogPluginManager: Mounting plugin PropertyAccessEditor
LogPluginManager: Mounting plugin UObjectPlugin
LogPluginManager: Mounting plugin AssetManagerEditor
LogPluginManager: Mounting plugin FacialAnimation
LogPluginManager: Mounting plugin GeometryMode
LogPluginManager: Mounting plugin SpeedTreeImporter
LogPluginManager: Mounting plugin DatasmithContent
LogPluginManager: Mounting plugin VariantManagerContent
LogPluginManager: Mounting plugin AlembicImporter
LogPluginManager: Mounting plugin GeometryCache
LogPluginManager: Mounting plugin AutomationUtils
LogPluginManager: Mounting plugin ScreenshotTools
LogPluginManager: Mounting plugin BackChannel
LogPluginManager: Mounting plugin ChaosClothEditor
LogPluginManager: Mounting plugin ChaosCloth
LogPluginManager: Mounting plugin ChaosEditor
LogPluginManager: Mounting plugin PlanarCut
LogPluginManager: Mounting plugin GeometryProcessing
LogPluginManager: Mounting plugin EditableMesh
LogPluginManager: Mounting plugin GeometryCollectionPlugin
LogPluginManager: Mounting plugin ProceduralMeshComponent
LogPluginManager: Mounting plugin ChaosSolverPlugin
LogPluginManager: Mounting plugin ChaosNiagara
LogPluginManager: Mounting plugin Niagara
LogPluginManager: Mounting plugin PythonScriptPlugin
LogPluginManager: Mounting plugin CharacterAI
LogPluginManager: Mounting plugin MotoSynth
LogPluginManager: Mounting plugin OpenImageDenoise
LogPluginManager: Mounting plugin PlatformCrypto
LogPluginManager: Mounting plugin MagicLeapPassableWorld
LogPluginManager: Mounting plugin MagicLeap
LogPluginManager: Mounting plugin MLSDK
LogPluginManager: Mounting plugin MagicLeapLightEstimation
LogPluginManager: Mounting plugin AvfMedia
LogPluginManager: Mounting plugin ImgMedia
LogPluginManager: Mounting plugin MediaCompositing
LogPluginManager: Mounting plugin WmfMedia
LogPluginManager: Mounting plugin MeshPainting
LogPluginManager: Mounting plugin TcpMessaging
LogPluginManager: Mounting plugin UdpMessaging
LogPluginManager: Mounting plugin ActorSequence
LogPluginManager: Mounting plugin MatineeToLevelSequence
LogPluginManager: Mounting plugin OnlineSubsystemNull
LogPluginManager: Mounting plugin OnlineSubsystem
LogPluginManager: Mounting plugin OnlineSubsystemUtils
LogPluginManager: Mounting plugin LauncherChunkInstaller
LogPluginManager: Mounting plugin ActorLayerUtilities
LogPluginManager: Mounting plugin AndroidPermission
LogPluginManager: Mounting plugin AppleImageUtils
LogPluginManager: Mounting plugin ArchVisCharacter
LogPluginManager: Mounting plugin AssetTags
LogPluginManager: Mounting plugin AudioCapture
LogPluginManager: Mounting plugin CableComponent
LogPluginManager: Mounting plugin ChunkDownloader
LogPluginManager: Mounting plugin CustomMeshComponent
LogPluginManager: Mounting plugin ExampleDeviceProfileSelector
LogPluginManager: Mounting plugin GooglePAD
LogPluginManager: Mounting plugin LocationServicesBPLibrary
LogPluginManager: Mounting plugin MobilePatchingUtils
LogPluginManager: Mounting plugin OculusVR
LogPluginManager: Mounting plugin OpenXREyeTracker
LogPluginManager: Mounting plugin OpenXR
LogPluginManager: Mounting plugin OpenXRHandTracking
LogPluginManager: Mounting plugin LiveLink
LogPluginManager: Mounting plugin Takes
LogPluginManager: Mounting plugin PhysXVehicles
LogPluginManager: Mounting plugin RuntimePhysXCooking
LogPluginManager: Mounting plugin SoundFields
LogPluginManager: Mounting plugin SteamVR
LogPluginManager: Mounting plugin Synthesis
LogPluginManager: Mounting plugin AudioSynesthesia
LogPluginManager: Mounting plugin WebMMoviePlayer
LogPluginManager: Mounting plugin WebMMedia
LogPluginManager: Mounting plugin WindowsMoviePlayer
PixWinPlugin: PIX capture plugin failed to initialize! Check that the process is launched from PIX.
LogLuminAPIImpl: Warning: MLSDK not found.  This likely means the MLSDK environment variable is not set.
LogInit: Using libcurl 7.55.1-DEV
LogInit:  - built for x86_64-pc-win32
LogInit:  - supports SSL with OpenSSL/1.1.1
LogInit:  - supports HTTP deflate (compression) using libz 1.2.8
LogInit:  - other features:
LogInit:      CURL_VERSION_SSL
LogInit:      CURL_VERSION_LIBZ
LogInit:      CURL_VERSION_IPV6
LogInit:      CURL_VERSION_ASYNCHDNS
LogInit:      CURL_VERSION_LARGEFILE
LogInit:      CURL_VERSION_IDN
LogInit:  CurlRequestOptions (configurable via config and command line):
LogInit:  - bVerifyPeer = true  - Libcurl will verify peer certificate
LogInit:  - bUseHttpProxy = false  - Libcurl will NOT use HTTP proxy
LogInit:  - bDontReuseConnections = false  - Libcurl will reuse connections
LogInit:  - MaxHostConnections = 16  - Libcurl will limit the number of connections to a host
LogInit:  - LocalHostAddr = Default
LogInit:  - BufferSize = 65536
LogOnline: OSS: Creating online subsystem instance for: NULL
LogInit: WinSock: version 1.1 (2.2), MaxSocks=32767, MaxUdp=65467
LogOnline: OSS: TryLoadSubsystemAndSetDefault: Loaded subsystem for module [NULL]
LogOculusPluginWrapper: OculusPlugin initialized successfully
LogHMD: Failed initializing OVRPlugin 1.59.0
LogInit: Build: ++UE4+Release-4.27-CL-18319896
LogInit: Engine Version: 4.27.2-18319896+++UE4+Release-4.27
LogInit: Compatible Engine Version: 4.27.0-17155196+++UE4+Release-4.27
LogInit: Net CL: 17155196
LogInit: OS: Windows 10 (Release 2009) (), CPU: Intel(R) Core(TM) i5-9300H CPU @ 2.40GHz, GPU: Intel(R) UHD Graphics 630
LogInit: Compiled (64-bit): Nov 30 2021 07:26:28
LogInit: Compiled with Visual C++: 19.16.27032.01
LogInit: Build Configuration: Development
LogInit: Branch Name: ++UE4+Release-4.27
LogInit: Command Line: 
LogInit: Base Directory: C:/Users/李昌乐/Desktop/基于虚幻引擎的游戏demo/WindowsNoEditor/Engine/Binaries/Win64/
LogInit: Allocator: binned2
LogInit: Installed Engine Build: 0
LogDevObjectVersion: Number of dev versions registered: 29
LogDevObjectVersion:   Dev-Blueprints (B0D832E4-1F89-4F0D-ACCF-7EB736FD4AA2): 10
LogDevObjectVersion:   Dev-Build (E1C64328-A22C-4D53-A36C-8E866417BD8C): 0
LogDevObjectVersion:   Dev-Core (375EC13C-06E4-48FB-B500-84F0262A717E): 4
LogDevObjectVersion:   Dev-Editor (E4B068ED-F494-42E9-A231-DA0B2E46BB41): 40
LogDevObjectVersion:   Dev-Framework (CFFC743F-43B0-4480-9391-14DF171D2073): 37
LogDevObjectVersion:   Dev-Mobile (B02B49B5-BB20-44E9-A304-32B752E40360): 3
LogDevObjectVersion:   Dev-Networking (A4E4105C-59A1-49B5-A7C5-40C4547EDFEE): 0
LogDevObjectVersion:   Dev-Online (39C831C9-5AE6-47DC-9A44-9C173E1C8E7C): 0
LogDevObjectVersion:   Dev-Physics (78F01B33-EBEA-4F98-B9B4-84EACCB95AA2): 14
LogDevObjectVersion:   Dev-Platform (6631380F-2D4D-43E0-8009-CF276956A95A): 0
LogDevObjectVersion:   Dev-Rendering (12F88B9F-8875-4AFC-A67C-D90C383ABD29): 45
LogDevObjectVersion:   Dev-Sequencer (7B5AE74C-D270-4C10-A958-57980B212A5A): 13
LogDevObjectVersion:   Dev-VR (D7296918-1DD6-4BDD-9DE2-64A83CC13884): 3
LogDevObjectVersion:   Dev-LoadTimes (C2A15278-BFE7-4AFE-6C17-90FF531DF755): 1
LogDevObjectVersion:   Private-Geometry (6EACA3D4-40EC-4CC1-B786-8BED09428FC5): 3
LogDevObjectVersion:   Dev-AnimPhys (29E575DD-E0A3-4627-9D10-D276232CDCEA): 17
LogDevObjectVersion:   Dev-Anim (AF43A65D-7FD3-4947-9873-3E8ED9C1BB05): 15
LogDevObjectVersion:   Dev-ReflectionCapture (6B266CEC-1EC7-4B8F-A30B-E4D90942FC07): 1
LogDevObjectVersion:   Dev-Automation (0DF73D61-A23F-47EA-B727-89E90C41499A): 1
LogDevObjectVersion:   FortniteMain (601D1886-AC64-4F84-AA16-D3DE0DEAC7D6): 47
LogDevObjectVersion:   FortniteRelease (E7086368-6B23-4C58-8439-1B7016265E91): 1
LogDevObjectVersion:   Dev-Enterprise (9DFFBCD6-494F-0158-E221-12823C92A888): 10
LogDevObjectVersion:   Dev-Niagara (F2AED0AC-9AFE-416F-8664-AA7FFA26D6FC): 1
LogDevObjectVersion:   Dev-Destruction (174F1F0B-B4C6-45A5-B13F-2EE8D0FB917D): 10
LogDevObjectVersion:   Dev-Physics-Ext (35F94A83-E258-406C-A318-09F59610247C): 41
LogDevObjectVersion:   Dev-PhysicsMaterial-Chaos (B68FC16E-8B1B-42E2-B453-215C058844FE): 1
LogDevObjectVersion:   Dev-CineCamera (B2E18506-4273-CFC2-A54E-F4BB758BBA07): 1
LogDevObjectVersion:   Dev-VirtualProduction (64F58936-FD1B-42BA-BA96-7289D5D0FA4E): 1
LogDevObjectVersion:   Dev-MediaFramework (6F0ED827-A609-4895-9C91-998D90180EA4): 2
LogInit: Presizing for max 2097152 objects, including 1 objects not considered by GC, pre-allocating 0 bytes for permanent pool.
LogConfig: Applying CVar settings from Section [/Script/Engine.StreamingSettings] File [../../../MyProgect/Saved/Config/WindowsNoEditor/Engine.ini]
LogConfig: Setting CVar [[s.MinBulkDataSizeForAsyncLoading:131072]]
LogConfig: Setting CVar [[s.AsyncLoadingThreadEnabled:0]]
LogConfig: Setting CVar [[s.EventDrivenLoaderEnabled:1]]
LogConfig: Setting CVar [[s.WarnIfTimeLimitExceeded:0]]
LogConfig: Setting CVar [[s.TimeLimitExceededMultiplier:1.5]]
LogConfig: Setting CVar [[s.TimeLimitExceededMinTime:0.005]]
LogConfig: Setting CVar [[s.UseBackgroundLevelStreaming:1]]
LogConfig: Setting CVar [[s.PriorityAsyncLoadingExtraTime:15.0]]
LogConfig: Setting CVar [[s.LevelStreamingActorsUpdateTimeLimit:5.0]]
LogConfig: Setting CVar [[s.PriorityLevelStreamingActorsUpdateExtraTime:5.0]]
LogConfig: Setting CVar [[s.LevelStreamingComponentsRegistrationGranularity:10]]
LogConfig: Setting CVar [[s.UnregisterComponentsTimeLimit:1.0]]
LogConfig: Setting CVar [[s.LevelStreamingComponentsUnregistrationGranularity:5]]
LogConfig: Setting CVar [[s.FlushStreamingOnExit:1]]
LogStreaming: Display: Async Loading initialized: Event Driven Loader: true, Async Loading Thread: false, Async Post Load: true
LogInit: Object subsystem initialized
LogConfig: Setting CVar [[con.DebugEarlyDefault:1]]
LogConfig: Setting CVar [[r.setres:1280x720]]
LogConfig: Setting CVar [[fx.NiagaraAllowRuntimeScalabilityChanges:1]]
[2022.08.17-09.09.22:448][  0]LogConfig: Setting CVar [[con.DebugEarlyDefault:1]]
[2022.08.17-09.09.22:448][  0]LogConfig: Setting CVar [[r.setres:1280x720]]
[2022.08.17-09.09.22:448][  0]LogConfig: Setting CVar [[fx.NiagaraAllowRuntimeScalabilityChanges:1]]
[2022.08.17-09.09.22:448][  0]LogConfig: Applying CVar settings from Section [/Script/Engine.RendererSettings] File [../../../MyProgect/Saved/Config/WindowsNoEditor/Engine.ini]
[2022.08.17-09.09.22:448][  0]LogConfig: Setting CVar [[r.GPUCrashDebugging:0]]
[2022.08.17-09.09.22:448][  0]LogConfig: Applying CVar settings from Section [/Script/Engine.RendererOverrideSettings] File [../../../MyProgect/Saved/Config/WindowsNoEditor/Engine.ini]
[2022.08.17-09.09.22:448][  0]LogConfig: Applying CVar settings from Section [/Script/Engine.StreamingSettings] File [../../../MyProgect/Saved/Config/WindowsNoEditor/Engine.ini]
[2022.08.17-09.09.22:448][  0]LogConfig: Setting CVar [[s.MinBulkDataSizeForAsyncLoading:131072]]
[2022.08.17-09.09.22:448][  0]LogConfig: Setting CVar [[s.AsyncLoadingThreadEnabled:0]]
[2022.08.17-09.09.22:448][  0]LogConfig: Setting CVar [[s.EventDrivenLoaderEnabled:1]]
[2022.08.17-09.09.22:449][  0]LogConfig: Setting CVar [[s.WarnIfTimeLimitExceeded:0]]
[2022.08.17-09.09.22:449][  0]LogConfig: Setting CVar [[s.TimeLimitExceededMultiplier:1.5]]
[2022.08.17-09.09.22:449][  0]LogConfig: Setting CVar [[s.TimeLimitExceededMinTime:0.005]]
[2022.08.17-09.09.22:449][  0]LogConfig: Setting CVar [[s.UseBackgroundLevelStreaming:1]]
[2022.08.17-09.09.22:449][  0]LogConfig: Setting CVar [[s.PriorityAsyncLoadingExtraTime:15.0]]
[2022.08.17-09.09.22:449][  0]LogConfig: Setting CVar [[s.LevelStreamingActorsUpdateTimeLimit:5.0]]
[2022.08.17-09.09.22:449][  0]LogConfig: Setting CVar [[s.PriorityLevelStreamingActorsUpdateExtraTime:5.0]]
[2022.08.17-09.09.22:449][  0]LogConfig: Setting CVar [[s.LevelStreamingComponentsRegistrationGranularity:10]]
[2022.08.17-09.09.22:449][  0]LogConfig: Setting CVar [[s.UnregisterComponentsTimeLimit:1.0]]
[2022.08.17-09.09.22:449][  0]LogConfig: Setting CVar [[s.LevelStreamingComponentsUnregistrationGranularity:5]]
[2022.08.17-09.09.22:449][  0]LogConfig: Setting CVar [[s.FlushStreamingOnExit:1]]
[2022.08.17-09.09.22:449][  0]LogConfig: Applying CVar settings from Section [/Script/Engine.GarbageCollectionSettings] File [../../../MyProgect/Saved/Config/WindowsNoEditor/Engine.ini]
[2022.08.17-09.09.22:449][  0]LogConfig: Setting CVar [[gc.MaxObjectsNotConsideredByGC:1]]
[2022.08.17-09.09.22:449][  0]LogConfig: Setting CVar [[gc.SizeOfPermanentObjectPool:0]]
[2022.08.17-09.09.22:449][  0]LogConfig: Setting CVar [[gc.FlushStreamingOnGC:0]]
[2022.08.17-09.09.22:449][  0]LogConfig: Setting CVar [[gc.NumRetriesBeforeForcingGC:10]]
[2022.08.17-09.09.22:449][  0]LogConfig: Setting CVar [[gc.AllowParallelGC:1]]
[2022.08.17-09.09.22:449][  0]LogConfig: Setting CVar [[gc.TimeBetweenPurgingPendingKillObjects:61.1]]
[2022.08.17-09.09.22:449][  0]LogConfig: Setting CVar [[gc.MaxObjectsInEditor:25165824]]
[2022.08.17-09.09.22:449][  0]LogConfig: Setting CVar [[gc.IncrementalBeginDestroyEnabled:1]]
[2022.08.17-09.09.22:449][  0]LogConfig: Setting CVar [[gc.CreateGCClusters:1]]
[2022.08.17-09.09.22:449][  0]LogConfig: Setting CVar [[gc.MinGCClusterSize:5]]
[2022.08.17-09.09.22:449][  0]LogConfig: Setting CVar [[gc.ActorClusteringEnabled:0]]
[2022.08.17-09.09.22:449][  0]LogConfig: Setting CVar [[gc.BlueprintClusteringEnabled:0]]
[2022.08.17-09.09.22:449][  0]LogConfig: Setting CVar [[gc.UseDisregardForGCOnDedicatedServers:0]]
[2022.08.17-09.09.22:449][  0]LogConfig: Setting CVar [[gc.MultithreadedDestructionEnabled:1]]
[2022.08.17-09.09.22:449][  0]LogConfig: Applying CVar settings from Section [/Script/Engine.NetworkSettings] File [../../../MyProgect/Saved/Config/WindowsNoEditor/Engine.ini]
[2022.08.17-09.09.22:474][  0]LogConfig: Applying CVar settings from Section [ViewDistanceQuality@3] File [../../../MyProgect/Saved/Config/WindowsNoEditor/Scalability.ini]
[2022.08.17-09.09.22:474][  0]LogConfig: Setting CVar [[r.SkeletalMeshLODBias:0]]
[2022.08.17-09.09.22:474][  0]LogConfig: Setting CVar [[r.ViewDistanceScale:1.0]]
[2022.08.17-09.09.22:474][  0]LogConfig: Applying CVar settings from Section [AntiAliasingQuality@3] File [../../../MyProgect/Saved/Config/WindowsNoEditor/Scalability.ini]
[2022.08.17-09.09.22:474][  0]LogConfig: Setting CVar [[r.PostProcessAAQuality:4]]
[2022.08.17-09.09.22:474][  0]LogConfig: Applying CVar settings from Section [ShadowQuality@3] File [../../../MyProgect/Saved/Config/WindowsNoEditor/Scalability.ini]
[2022.08.17-09.09.22:474][  0]LogConfig: Setting CVar [[r.LightFunctionQuality:1]]
[2022.08.17-09.09.22:474][  0]LogConfig: Setting CVar [[r.ShadowQuality:5]]
[2022.08.17-09.09.22:474][  0]LogConfig: Setting CVar [[r.Shadow.CSM.MaxCascades:10]]
[2022.08.17-09.09.22:474][  0]LogConfig: Setting CVar [[r.Shadow.MaxResolution:2048]]
[2022.08.17-09.09.22:474][  0]LogConfig: Setting CVar [[r.Shadow.MaxCSMResolution:2048]]
[2022.08.17-09.09.22:474][  0]LogConfig: Setting CVar [[r.Shadow.RadiusThreshold:0.01]]
[2022.08.17-09.09.22:474][  0]LogConfig: Setting CVar [[r.Shadow.DistanceScale:1.0]]
[2022.08.17-09.09.22:474][  0]LogConfig: Setting CVar [[r.Shadow.CSM.TransitionScale:1.0]]
[2022.08.17-09.09.22:474][  0]LogConfig: Setting CVar [[r.Shadow.PreShadowResolutionFactor:1.0]]
[2022.08.17-09.09.22:475][  0]LogConfig: Setting CVar [[r.DistanceFieldShadowing:1]]
[2022.08.17-09.09.22:475][  0]LogConfig: Setting CVar [[r.DistanceFieldAO:1]]
[2022.08.17-09.09.22:475][  0]LogConfig: Setting CVar [[r.AOQuality:2]]
[2022.08.17-09.09.22:475][  0]LogConfig: Setting CVar [[r.VolumetricFog:1]]
[2022.08.17-09.09.22:475][  0]LogConfig: Setting CVar [[r.VolumetricFog.GridPixelSize:8]]
[2022.08.17-09.09.22:475][  0]LogConfig: Setting CVar [[r.VolumetricFog.GridSizeZ:128]]
[2022.08.17-09.09.22:475][  0]LogConfig: Setting CVar [[r.VolumetricFog.HistoryMissSupersampleCount:4]]
[2022.08.17-09.09.22:475][  0]LogConfig: Setting CVar [[r.LightMaxDrawDistanceScale:1]]
[2022.08.17-09.09.22:475][  0]LogConfig: Setting CVar [[r.CapsuleShadows:1]]
[2022.08.17-09.09.22:475][  0]LogConfig: Applying CVar settings from Section [PostProcessQuality@3] File [../../../MyProgect/Saved/Config/WindowsNoEditor/Scalability.ini]
[2022.08.17-09.09.22:475][  0]LogConfig: Setting CVar [[r.MotionBlurQuality:4]]
[2022.08.17-09.09.22:475][  0]LogConfig: Setting CVar [[r.AmbientOcclusionMipLevelFactor:0.4]]
[2022.08.17-09.09.22:475][  0]LogConfig: Setting CVar [[r.AmbientOcclusionMaxQuality:100]]
[2022.08.17-09.09.22:475][  0]LogConfig: Setting CVar [[r.AmbientOcclusionLevels:-1]]
[2022.08.17-09.09.22:475][  0]LogConfig: Setting CVar [[r.AmbientOcclusionRadiusScale:1.0]]
[2022.08.17-09.09.22:475][  0]LogConfig: Setting CVar [[r.DepthOfFieldQuality:2]]
[2022.08.17-09.09.22:475][  0]LogConfig: Setting CVar [[r.RenderTargetPoolMin:400]]
[2022.08.17-09.09.22:475][  0]LogConfig: Setting CVar [[r.LensFlareQuality:2]]
[2022.08.17-09.09.22:475][  0]LogConfig: Setting CVar [[r.SceneColorFringeQuality:1]]
[2022.08.17-09.09.22:475][  0]LogConfig: Setting CVar [[r.EyeAdaptationQuality:2]]
[2022.08.17-09.09.22:475][  0]LogConfig: Setting CVar [[r.BloomQuality:5]]
[2022.08.17-09.09.22:475][  0]LogConfig: Setting CVar [[r.FastBlurThreshold:100]]
[2022.08.17-09.09.22:475][  0]LogConfig: Setting CVar [[r.Upscale.Quality:3]]
[2022.08.17-09.09.22:475][  0]LogConfig: Setting CVar [[r.Tonemapper.GrainQuantization:1]]
[2022.08.17-09.09.22:475][  0]LogConfig: Setting CVar [[r.LightShaftQuality:1]]
[2022.08.17-09.09.22:475][  0]LogConfig: Setting CVar [[r.Filter.SizeScale:1]]
[2022.08.17-09.09.22:475][  0]LogConfig: Setting CVar [[r.Tonemapper.Quality:5]]
[2022.08.17-09.09.22:475][  0]LogConfig: Setting CVar [[r.DOF.Gather.AccumulatorQuality:1        ; higher gathering accumulator quality]]
[2022.08.17-09.09.22:475][  0]LogConfig: Setting CVar [[r.DOF.Gather.PostfilterMethod:1          ; Median3x3 postfilering method]]
[2022.08.17-09.09.22:475][  0]LogConfig: Setting CVar [[r.DOF.Gather.EnableBokehSettings:0       ; no bokeh simulation when gathering]]
[2022.08.17-09.09.22:475][  0]LogConfig: Setting CVar [[r.DOF.Gather.RingCount:4                 ; medium number of samples when gathering]]
[2022.08.17-09.09.22:475][  0]LogConfig: Setting CVar [[r.DOF.Scatter.ForegroundCompositing:1    ; additive foreground scattering]]
[2022.08.17-09.09.22:475][  0]LogConfig: Setting CVar [[r.DOF.Scatter.BackgroundCompositing:2    ; additive background scattering]]
[2022.08.17-09.09.22:475][  0]LogConfig: Setting CVar [[r.DOF.Scatter.EnableBokehSettings:1      ; bokeh simulation when scattering]]
[2022.08.17-09.09.22:475][  0]LogConfig: Setting CVar [[r.DOF.Scatter.MaxSpriteRatio:0.1         ; only a maximum of 10% of scattered bokeh]]
[2022.08.17-09.09.22:475][  0]LogConfig: Setting CVar [[r.DOF.Recombine.Quality:1                ; cheap slight out of focus]]
[2022.08.17-09.09.22:475][  0]LogConfig: Setting CVar [[r.DOF.Recombine.EnableBokehSettings:0    ; no bokeh simulation on slight out of focus]]
[2022.08.17-09.09.22:475][  0]LogConfig: Setting CVar [[r.DOF.TemporalAAQuality:1                ; more stable temporal accumulation]]
[2022.08.17-09.09.22:475][  0]LogConfig: Setting CVar [[r.DOF.Kernel.MaxForegroundRadius:0.025]]
[2022.08.17-09.09.22:475][  0]LogConfig: Setting CVar [[r.DOF.Kernel.MaxBackgroundRadius:0.025]]
[2022.08.17-09.09.22:475][  0]LogConfig: Applying CVar settings from Section [TextureQuality@3] File [../../../MyProgect/Saved/Config/WindowsNoEditor/Scalability.ini]
[2022.08.17-09.09.22:475][  0]LogConfig: Setting CVar [[r.Streaming.MipBias:0]]
[2022.08.17-09.09.22:475][  0]LogConfig: Setting CVar [[r.Streaming.AmortizeCPUToGPUCopy:0]]
[2022.08.17-09.09.22:475][  0]LogConfig: Setting CVar [[r.Streaming.MaxNumTexturesToStreamPerFrame:0]]
[2022.08.17-09.09.22:475][  0]LogConfig: Setting CVar [[r.Streaming.Boost:1]]
[2022.08.17-09.09.22:475][  0]LogConfig: Setting CVar [[r.MaxAnisotropy:8]]
[2022.08.17-09.09.22:475][  0]LogConfig: Setting CVar [[r.VT.MaxAnisotropy:8]]
[2022.08.17-09.09.22:475][  0]LogConfig: Setting CVar [[r.Streaming.LimitPoolSizeToVRAM:0]]
[2022.08.17-09.09.22:475][  0]LogConfig: Setting CVar [[r.Streaming.PoolSize:1000]]
[2022.08.17-09.09.22:475][  0]LogConfig: Setting CVar [[r.Streaming.MaxEffectiveScreenSize:0]]
[2022.08.17-09.09.22:475][  0]LogConfig: Applying CVar settings from Section [EffectsQuality@3] File [../../../MyProgect/Saved/Config/WindowsNoEditor/Scalability.ini]
[2022.08.17-09.09.22:475][  0]LogConfig: Setting CVar [[r.TranslucencyLightingVolumeDim:64]]
[2022.08.17-09.09.22:475][  0]LogConfig: Setting CVar [[r.RefractionQuality:2]]
[2022.08.17-09.09.22:475][  0]LogConfig: Setting CVar [[r.SSR.Quality:3]]
[2022.08.17-09.09.22:475][  0]LogConfig: Setting CVar [[r.SSR.HalfResSceneColor:0]]
[2022.08.17-09.09.22:475][  0]LogConfig: Setting CVar [[r.SceneColorFormat:4]]
[2022.08.17-09.09.22:475][  0]LogConfig: Setting CVar [[r.DetailMode:2]]
[2022.08.17-09.09.22:475][  0]LogConfig: Setting CVar [[r.TranslucencyVolumeBlur:1]]
[2022.08.17-09.09.22:475][  0]LogConfig: Setting CVar [[r.MaterialQualityLevel:1 ; High quality]]
[2022.08.17-09.09.22:475][  0]LogConfig: Setting CVar [[r.AnisotropicMaterials:1]]
[2022.08.17-09.09.22:475][  0]LogConfig: Setting CVar [[r.SSS.Scale:1]]
[2022.08.17-09.09.22:475][  0]LogConfig: Setting CVar [[r.SSS.SampleSet:2]]
[2022.08.17-09.09.22:475][  0]LogConfig: Setting CVar [[r.SSS.Quality:1]]
[2022.08.17-09.09.22:475][  0]LogConfig: Setting CVar [[r.SSS.HalfRes:0]]
[2022.08.17-09.09.22:475][  0]LogConfig: Setting CVar [[r.SSGI.Quality:3]]
[2022.08.17-09.09.22:475][  0]LogConfig: Setting CVar [[r.EmitterSpawnRateScale:1.0]]
[2022.08.17-09.09.22:475][  0]LogConfig: Setting CVar [[r.ParticleLightQuality:2]]
[2022.08.17-09.09.22:475][  0]LogConfig: Setting CVar [[r.SkyAtmosphere.AerialPerspectiveLUT.FastApplyOnOpaque:1 ; Always have FastSkyLUT 1 in this case to avoid wrong sky]]
[2022.08.17-09.09.22:475][  0]LogConfig: Setting CVar [[r.SkyAtmosphere.AerialPerspectiveLUT.SampleCountMaxPerSlice:4]]
[2022.08.17-09.09.22:475][  0]LogConfig: Setting CVar [[r.SkyAtmosphere.AerialPerspectiveLUT.DepthResolution:16.0]]
[2022.08.17-09.09.22:475][  0]LogConfig: Setting CVar [[r.SkyAtmosphere.FastSkyLUT:1]]
[2022.08.17-09.09.22:476][  0]LogConfig: Setting CVar [[r.SkyAtmosphere.FastSkyLUT.SampleCountMin:4.0]]
[2022.08.17-09.09.22:476][  0]LogConfig: Setting CVar [[r.SkyAtmosphere.FastSkyLUT.SampleCountMax:128.0]]
[2022.08.17-09.09.22:476][  0]LogConfig: Setting CVar [[r.SkyAtmosphere.SampleCountMin:4.0]]
[2022.08.17-09.09.22:476][  0]LogConfig: Setting CVar [[r.SkyAtmosphere.SampleCountMax:128.0]]
[2022.08.17-09.09.22:476][  0]LogConfig: Setting CVar [[r.SkyAtmosphere.TransmittanceLUT.UseSmallFormat:0]]
[2022.08.17-09.09.22:476][  0]LogConfig: Setting CVar [[r.SkyAtmosphere.TransmittanceLUT.SampleCount:10.0]]
[2022.08.17-09.09.22:476][  0]LogConfig: Setting CVar [[r.SkyAtmosphere.MultiScatteringLUT.SampleCount:15.0]]
[2022.08.17-09.09.22:476][  0]LogConfig: Setting CVar [[r.SkyLight.RealTimeReflectionCapture:1]]
[2022.08.17-09.09.22:476][  0]LogConfig: Setting CVar [[fx.Niagara.QualityLevel:3]]
[2022.08.17-09.09.22:476][  0]LogConfig: Applying CVar settings from Section [FoliageQuality@3] File [../../../MyProgect/Saved/Config/WindowsNoEditor/Scalability.ini]
[2022.08.17-09.09.22:476][  0]LogConfig: Setting CVar [[foliage.DensityScale:1.0]]
[2022.08.17-09.09.22:476][  0]LogConfig: Setting CVar [[grass.DensityScale:1.0]]
[2022.08.17-09.09.22:476][  0]LogConfig: Applying CVar settings from Section [ShadingQuality@3] File [../../../MyProgect/Saved/Config/WindowsNoEditor/Scalability.ini]
[2022.08.17-09.09.22:476][  0]LogConfig: Setting CVar [[r.HairStrands.SkyLighting.IntegrationType:2]]
[2022.08.17-09.09.22:476][  0]LogConfig: Setting CVar [[r.HairStrands.SkyAO.SampleCount:4]]
[2022.08.17-09.09.22:476][  0]LogConfig: Setting CVar [[r.HairStrands.Visibility.MSAA.SamplePerPixel:4]]
[2022.08.17-09.09.22:476][  0]LogInit: Selected Device Profile: [WindowsNoEditor]
[2022.08.17-09.09.22:476][  0]LogInit: Applying CVar settings loaded from the selected device profile: [WindowsNoEditor]
[2022.08.17-09.09.22:476][  0]LogHAL: Display: Platform has ~ 8 GB [8388632576 / 8589934592 / 8], which maps to Default [LargestMinGB=32, LargerMinGB=12, DefaultMinGB=8, SmallerMinGB=6, SmallestMinGB=0)
[2022.08.17-09.09.22:476][  0]LogInit: Going up to parent DeviceProfile [Windows]
[2022.08.17-09.09.22:477][  0]LogInit: Going up to parent DeviceProfile []
[2022.08.17-09.09.22:477][  0]LogConfig: Applying CVar settings from Section [ViewDistanceQuality@3] File [../../../MyProgect/Saved/Config/WindowsNoEditor/Scalability.ini]
[2022.08.17-09.09.22:477][  0]LogConfig: Setting CVar [[r.SkeletalMeshLODBias:0]]
[2022.08.17-09.09.22:477][  0]LogConfig: Setting CVar [[r.ViewDistanceScale:1.0]]
[2022.08.17-09.09.22:477][  0]LogConfig: Applying CVar settings from Section [AntiAliasingQuality@3] File [../../../MyProgect/Saved/Config/WindowsNoEditor/Scalability.ini]
[2022.08.17-09.09.22:477][  0]LogConfig: Setting CVar [[r.PostProcessAAQuality:4]]
[2022.08.17-09.09.22:477][  0]LogConfig: Applying CVar settings from Section [ShadowQuality@3] File [../../../MyProgect/Saved/Config/WindowsNoEditor/Scalability.ini]
[2022.08.17-09.09.22:477][  0]LogConfig: Setting CVar [[r.LightFunctionQuality:1]]
[2022.08.17-09.09.22:477][  0]LogConfig: Setting CVar [[r.ShadowQuality:5]]
[2022.08.17-09.09.22:477][  0]LogConfig: Setting CVar [[r.Shadow.CSM.MaxCascades:10]]
[2022.08.17-09.09.22:477][  0]LogConfig: Setting CVar [[r.Shadow.MaxResolution:2048]]
[2022.08.17-09.09.22:477][  0]LogConfig: Setting CVar [[r.Shadow.MaxCSMResolution:2048]]
[2022.08.17-09.09.22:477][  0]LogConfig: Setting CVar [[r.Shadow.RadiusThreshold:0.01]]
[2022.08.17-09.09.22:477][  0]LogConfig: Setting CVar [[r.Shadow.DistanceScale:1.0]]
[2022.08.17-09.09.22:477][  0]LogConfig: Setting CVar [[r.Shadow.CSM.TransitionScale:1.0]]
[2022.08.17-09.09.22:477][  0]LogConfig: Setting CVar [[r.Shadow.PreShadowResolutionFactor:1.0]]
[2022.08.17-09.09.22:477][  0]LogConfig: Setting CVar [[r.DistanceFieldShadowing:1]]
[2022.08.17-09.09.22:477][  0]LogConfig: Setting CVar [[r.DistanceFieldAO:1]]
[2022.08.17-09.09.22:477][  0]LogConfig: Setting CVar [[r.AOQuality:2]]
[2022.08.17-09.09.22:477][  0]LogConfig: Setting CVar [[r.VolumetricFog:1]]
[2022.08.17-09.09.22:477][  0]LogConfig: Setting CVar [[r.VolumetricFog.GridPixelSize:8]]
[2022.08.17-09.09.22:477][  0]LogConfig: Setting CVar [[r.VolumetricFog.GridSizeZ:128]]
[2022.08.17-09.09.22:477][  0]LogConfig: Setting CVar [[r.VolumetricFog.HistoryMissSupersampleCount:4]]
[2022.08.17-09.09.22:477][  0]LogConfig: Setting CVar [[r.LightMaxDrawDistanceScale:1]]
[2022.08.17-09.09.22:477][  0]LogConfig: Setting CVar [[r.CapsuleShadows:1]]
[2022.08.17-09.09.22:477][  0]LogConfig: Applying CVar settings from Section [PostProcessQuality@3] File [../../../MyProgect/Saved/Config/WindowsNoEditor/Scalability.ini]
[2022.08.17-09.09.22:477][  0]LogConfig: Setting CVar [[r.MotionBlurQuality:4]]
[2022.08.17-09.09.22:477][  0]LogConfig: Setting CVar [[r.AmbientOcclusionMipLevelFactor:0.4]]
[2022.08.17-09.09.22:477][  0]LogConfig: Setting CVar [[r.AmbientOcclusionMaxQuality:100]]
[2022.08.17-09.09.22:477][  0]LogConfig: Setting CVar [[r.AmbientOcclusionLevels:-1]]
[2022.08.17-09.09.22:477][  0]LogConfig: Setting CVar [[r.AmbientOcclusionRadiusScale:1.0]]
[2022.08.17-09.09.22:477][  0]LogConfig: Setting CVar [[r.DepthOfFieldQuality:2]]
[2022.08.17-09.09.22:477][  0]LogConfig: Setting CVar [[r.RenderTargetPoolMin:400]]
[2022.08.17-09.09.22:477][  0]LogConfig: Setting CVar [[r.LensFlareQuality:2]]
[2022.08.17-09.09.22:477][  0]LogConfig: Setting CVar [[r.SceneColorFringeQuality:1]]
[2022.08.17-09.09.22:477][  0]LogConfig: Setting CVar [[r.EyeAdaptationQuality:2]]
[2022.08.17-09.09.22:477][  0]LogConfig: Setting CVar [[r.BloomQuality:5]]
[2022.08.17-09.09.22:477][  0]LogConfig: Setting CVar [[r.FastBlurThreshold:100]]
[2022.08.17-09.09.22:477][  0]LogConfig: Setting CVar [[r.Upscale.Quality:3]]
[2022.08.17-09.09.22:477][  0]LogConfig: Setting CVar [[r.Tonemapper.GrainQuantization:1]]
[2022.08.17-09.09.22:477][  0]LogConfig: Setting CVar [[r.LightShaftQuality:1]]
[2022.08.17-09.09.22:477][  0]LogConfig: Setting CVar [[r.Filter.SizeScale:1]]
[2022.08.17-09.09.22:477][  0]LogConfig: Setting CVar [[r.Tonemapper.Quality:5]]
[2022.08.17-09.09.22:477][  0]LogConfig: Setting CVar [[r.DOF.Gather.AccumulatorQuality:1        ; higher gathering accumulator quality]]
[2022.08.17-09.09.22:477][  0]LogConfig: Setting CVar [[r.DOF.Gather.PostfilterMethod:1          ; Median3x3 postfilering method]]
[2022.08.17-09.09.22:477][  0]LogConfig: Setting CVar [[r.DOF.Gather.EnableBokehSettings:0       ; no bokeh simulation when gathering]]
[2022.08.17-09.09.22:477][  0]LogConfig: Setting CVar [[r.DOF.Gather.RingCount:4                 ; medium number of samples when gathering]]
[2022.08.17-09.09.22:477][  0]LogConfig: Setting CVar [[r.DOF.Scatter.ForegroundCompositing:1    ; additive foreground scattering]]
[2022.08.17-09.09.22:477][  0]LogConfig: Setting CVar [[r.DOF.Scatter.BackgroundCompositing:2    ; additive background scattering]]
[2022.08.17-09.09.22:477][  0]LogConfig: Setting CVar [[r.DOF.Scatter.EnableBokehSettings:1      ; bokeh simulation when scattering]]
[2022.08.17-09.09.22:477][  0]LogConfig: Setting CVar [[r.DOF.Scatter.MaxSpriteRatio:0.1         ; only a maximum of 10% of scattered bokeh]]
[2022.08.17-09.09.22:477][  0]LogConfig: Setting CVar [[r.DOF.Recombine.Quality:1                ; cheap slight out of focus]]
[2022.08.17-09.09.22:477][  0]LogConfig: Setting CVar [[r.DOF.Recombine.EnableBokehSettings:0    ; no bokeh simulation on slight out of focus]]
[2022.08.17-09.09.22:477][  0]LogConfig: Setting CVar [[r.DOF.TemporalAAQuality:1                ; more stable temporal accumulation]]
[2022.08.17-09.09.22:477][  0]LogConfig: Setting CVar [[r.DOF.Kernel.MaxForegroundRadius:0.025]]
[2022.08.17-09.09.22:477][  0]LogConfig: Setting CVar [[r.DOF.Kernel.MaxBackgroundRadius:0.025]]
[2022.08.17-09.09.22:477][  0]LogConfig: Applying CVar settings from Section [TextureQuality@3] File [../../../MyProgect/Saved/Config/WindowsNoEditor/Scalability.ini]
[2022.08.17-09.09.22:477][  0]LogConfig: Setting CVar [[r.Streaming.MipBias:0]]
[2022.08.17-09.09.22:477][  0]LogConfig: Setting CVar [[r.Streaming.AmortizeCPUToGPUCopy:0]]
[2022.08.17-09.09.22:477][  0]LogConfig: Setting CVar [[r.Streaming.MaxNumTexturesToStreamPerFrame:0]]
[2022.08.17-09.09.22:477][  0]LogConfig: Setting CVar [[r.Streaming.Boost:1]]
[2022.08.17-09.09.22:477][  0]LogConfig: Setting CVar [[r.MaxAnisotropy:8]]
[2022.08.17-09.09.22:477][  0]LogConfig: Setting CVar [[r.VT.MaxAnisotropy:8]]
[2022.08.17-09.09.22:477][  0]LogConfig: Setting CVar [[r.Streaming.LimitPoolSizeToVRAM:0]]
[2022.08.17-09.09.22:477][  0]LogConfig: Setting CVar [[r.Streaming.PoolSize:1000]]
[2022.08.17-09.09.22:477][  0]LogConfig: Setting CVar [[r.Streaming.MaxEffectiveScreenSize:0]]
[2022.08.17-09.09.22:477][  0]LogConfig: Applying CVar settings from Section [EffectsQuality@3] File [../../../MyProgect/Saved/Config/WindowsNoEditor/Scalability.ini]
[2022.08.17-09.09.22:477][  0]LogConfig: Setting CVar [[r.TranslucencyLightingVolumeDim:64]]
[2022.08.17-09.09.22:477][  0]LogConfig: Setting CVar [[r.RefractionQuality:2]]
[2022.08.17-09.09.22:478][  0]LogConfig: Setting CVar [[r.SSR.Quality:3]]
[2022.08.17-09.09.22:478][  0]LogConfig: Setting CVar [[r.SSR.HalfResSceneColor:0]]
[2022.08.17-09.09.22:478][  0]LogConfig: Setting CVar [[r.SceneColorFormat:4]]
[2022.08.17-09.09.22:478][  0]LogConfig: Setting CVar [[r.DetailMode:2]]
[2022.08.17-09.09.22:478][  0]LogConfig: Setting CVar [[r.TranslucencyVolumeBlur:1]]
[2022.08.17-09.09.22:478][  0]LogConfig: Setting CVar [[r.MaterialQualityLevel:1 ; High quality]]
[2022.08.17-09.09.22:478][  0]LogConfig: Setting CVar [[r.AnisotropicMaterials:1]]
[2022.08.17-09.09.22:478][  0]LogConfig: Setting CVar [[r.SSS.Scale:1]]
[2022.08.17-09.09.22:478][  0]LogConfig: Setting CVar [[r.SSS.SampleSet:2]]
[2022.08.17-09.09.22:478][  0]LogConfig: Setting CVar [[r.SSS.Quality:1]]
[2022.08.17-09.09.22:478][  0]LogConfig: Setting CVar [[r.SSS.HalfRes:0]]
[2022.08.17-09.09.22:478][  0]LogConfig: Setting CVar [[r.SSGI.Quality:3]]
[2022.08.17-09.09.22:478][  0]LogConfig: Setting CVar [[r.EmitterSpawnRateScale:1.0]]
[2022.08.17-09.09.22:478][  0]LogConfig: Setting CVar [[r.ParticleLightQuality:2]]
[2022.08.17-09.09.22:478][  0]LogConfig: Setting CVar [[r.SkyAtmosphere.AerialPerspectiveLUT.FastApplyOnOpaque:1 ; Always have FastSkyLUT 1 in this case to avoid wrong sky]]
[2022.08.17-09.09.22:478][  0]LogConfig: Setting CVar [[r.SkyAtmosphere.AerialPerspectiveLUT.SampleCountMaxPerSlice:4]]
[2022.08.17-09.09.22:478][  0]LogConfig: Setting CVar [[r.SkyAtmosphere.AerialPerspectiveLUT.DepthResolution:16.0]]
[2022.08.17-09.09.22:478][  0]LogConfig: Setting CVar [[r.SkyAtmosphere.FastSkyLUT:1]]
[2022.08.17-09.09.22:478][  0]LogConfig: Setting CVar [[r.SkyAtmosphere.FastSkyLUT.SampleCountMin:4.0]]
[2022.08.17-09.09.22:478][  0]LogConfig: Setting CVar [[r.SkyAtmosphere.FastSkyLUT.SampleCountMax:128.0]]
[2022.08.17-09.09.22:478][  0]LogConfig: Setting CVar [[r.SkyAtmosphere.SampleCountMin:4.0]]
[2022.08.17-09.09.22:478][  0]LogConfig: Setting CVar [[r.SkyAtmosphere.SampleCountMax:128.0]]
[2022.08.17-09.09.22:478][  0]LogConfig: Setting CVar [[r.SkyAtmosphere.TransmittanceLUT.UseSmallFormat:0]]
[2022.08.17-09.09.22:478][  0]LogConfig: Setting CVar [[r.SkyAtmosphere.TransmittanceLUT.SampleCount:10.0]]
[2022.08.17-09.09.22:478][  0]LogConfig: Setting CVar [[r.SkyAtmosphere.MultiScatteringLUT.SampleCount:15.0]]
[2022.08.17-09.09.22:478][  0]LogConfig: Setting CVar [[r.SkyLight.RealTimeReflectionCapture:1]]
[2022.08.17-09.09.22:478][  0]LogConfig: Setting CVar [[fx.Niagara.QualityLevel:3]]
[2022.08.17-09.09.22:478][  0]LogConfig: Applying CVar settings from Section [FoliageQuality@3] File [../../../MyProgect/Saved/Config/WindowsNoEditor/Scalability.ini]
[2022.08.17-09.09.22:478][  0]LogConfig: Setting CVar [[foliage.DensityScale:1.0]]
[2022.08.17-09.09.22:478][  0]LogConfig: Setting CVar [[grass.DensityScale:1.0]]
[2022.08.17-09.09.22:478][  0]LogConfig: Applying CVar settings from Section [ShadingQuality@3] File [../../../MyProgect/Saved/Config/WindowsNoEditor/Scalability.ini]
[2022.08.17-09.09.22:478][  0]LogConfig: Setting CVar [[r.HairStrands.SkyLighting.IntegrationType:2]]
[2022.08.17-09.09.22:478][  0]LogConfig: Setting CVar [[r.HairStrands.SkyAO.SampleCount:4]]
[2022.08.17-09.09.22:478][  0]LogConfig: Setting CVar [[r.HairStrands.Visibility.MSAA.SamplePerPixel:4]]
[2022.08.17-09.09.22:478][  0]LogConfig: Applying CVar settings from Section [Startup] File [../../../Engine/Config/ConsoleVariables.ini]
[2022.08.17-09.09.22:478][  0]LogConfig: Setting CVar [[net.UseAdaptiveNetUpdateFrequency:0]]
[2022.08.17-09.09.22:478][  0]LogConfig: Setting CVar [[p.chaos.AllowCreatePhysxBodies:1]]
[2022.08.17-09.09.22:478][  0]LogConfig: Setting CVar [[fx.SkipVectorVMBackendOptimizations:1]]
[2022.08.17-09.09.22:478][  0]LogConfig: Applying CVar settings from Section [ConsoleVariables] File [../../../MyProgect/Saved/Config/WindowsNoEditor/Engine.ini]
[2022.08.17-09.09.22:478][  0]LogInit: Computer: LAPTOP-4UENPLSO
[2022.08.17-09.09.22:478][  0]LogInit: User: 李昌乐
[2022.08.17-09.09.22:478][  0]LogInit: CPU Page size=4096, Cores=4
[2022.08.17-09.09.22:478][  0]LogInit: High frequency timer resolution =10.000000 MHz
[2022.08.17-09.09.22:478][  0]LogMemory: Memory total: Physical=7.8GB (8GB approx)
[2022.08.17-09.09.22:478][  0]LogMemory: Platform Memory Stats for WindowsNoEditor
[2022.08.17-09.09.22:478][  0]LogMemory: Process Physical Memory: 82.14 MB used, 82.14 MB peak
[2022.08.17-09.09.22:478][  0]LogMemory: Process Virtual Memory: 81.61 MB used, 81.61 MB peak
[2022.08.17-09.09.22:478][  0]LogMemory: Physical Memory: 5462.91 MB used,  2537.11 MB free, 8000.02 MB total
[2022.08.17-09.09.22:478][  0]LogMemory: Virtual Memory: 134212952.00 MB used,  4774.78 MB free, 134217728.00 MB total
[2022.08.17-09.09.22:485][  0]LogWindows: WindowsPlatformFeatures enabled
[2022.08.17-09.09.22:506][  0]LogInit: Physics initialised using underlying interface: PhysX
[2022.08.17-09.09.22:506][  0]LogInit: Using OS detected language (zh-CN).
[2022.08.17-09.09.22:506][  0]LogInit: Using OS detected locale (zh-CN).
[2022.08.17-09.09.22:507][  0]LogTextLocalizationManager: No localization for 'zh-CN' exists, so 'en' will be used for the language.
[2022.08.17-09.09.22:507][  0]LogTextLocalizationManager: No localization for 'zh-CN' exists, so 'en' will be used for the locale.
[2022.08.17-09.09.22:537][  0]LogWindowsTextInputMethodSystem: Display: IME system deactivated.
[2022.08.17-09.09.22:570][  0]LogSlate: New Slate User Created.  User Index 0, Is Virtual User: 0
[2022.08.17-09.09.22:570][  0]LogSlate: Slate User Registered.  User Index 0, Is Virtual User: 0
[2022.08.17-09.09.22:609][  0]LogD3D11RHI: Loaded GFSDK_Aftermath_Lib.x64.dll
[2022.08.17-09.09.22:625][  0]LogHMD: Failed to initialize OpenVR with code 110
[2022.08.17-09.09.22:626][  0]LogD3D11RHI: D3D11 min allowed feature level: 11_0
[2022.08.17-09.09.22:626][  0]LogD3D11RHI: D3D11 max allowed feature level: 11_0
[2022.08.17-09.09.22:626][  0]LogD3D11RHI: D3D11 adapters:
[2022.08.17-09.09.22:845][  0]LogD3D11RHI:    0. 'NVIDIA GeForce GTX 1650' (Feature Level 11_0)
[2022.08.17-09.09.22:845][  0]LogD3D11RHI:       3962/0/4000 MB DedicatedVideo/DedicatedSystem/SharedSystem, Outputs:1, VendorId:0x10de
[2022.08.17-09.09.22:887][  0]LogD3D11RHI:    1. 'Intel(R) UHD Graphics 630' (Feature Level 11_0)
[2022.08.17-09.09.22:887][  0]LogD3D11RHI:       128/0/4000 MB DedicatedVideo/DedicatedSystem/SharedSystem, Outputs:0, VendorId:0x8086
[2022.08.17-09.09.22:892][  0]LogD3D11RHI:    2. 'Microsoft Basic Render Driver' (Feature Level 11_0)
[2022.08.17-09.09.22:892][  0]LogD3D11RHI:       0/0/4000 MB DedicatedVideo/DedicatedSystem/SharedSystem, Outputs:0, VendorId:0x1414
[2022.08.17-09.09.22:892][  0]LogD3D11RHI: Chosen D3D11 Adapter:
[2022.08.17-09.09.22:892][  0]LogD3D11RHI:     Description : NVIDIA GeForce GTX 1650
[2022.08.17-09.09.22:892][  0]LogD3D11RHI:     VendorId    : 10de
[2022.08.17-09.09.22:892][  0]LogD3D11RHI:     DeviceId    : 1f91
[2022.08.17-09.09.22:892][  0]LogD3D11RHI:     SubSysId    : 8575103c
[2022.08.17-09.09.22:892][  0]LogD3D11RHI:     Revision    : 00a1
[2022.08.17-09.09.22:892][  0]LogD3D11RHI:     DedicatedVideoMemory : 4154458112 bytes
[2022.08.17-09.09.22:892][  0]LogD3D11RHI:     DedicatedSystemMemory : 0 bytes
[2022.08.17-09.09.22:892][  0]LogD3D11RHI:     SharedSystemMemory : 4194316288 bytes
[2022.08.17-09.09.22:892][  0]LogD3D11RHI:     AdapterLuid : 0 98010
[2022.08.17-09.09.22:897][  0]LogD3D11RHI: Creating new Direct3DDevice
[2022.08.17-09.09.22:897][  0]LogD3D11RHI:     GPU DeviceId: 0x1f91 (for the marketing name, search the web for "GPU Device Id")
[2022.08.17-09.09.22:897][  0]LogWindows: EnumDisplayDevices:
[2022.08.17-09.09.22:898][  0]LogWindows:    0. 'Intel(R) UHD Graphics 630' (P:1 D:1)
[2022.08.17-09.09.22:898][  0]LogWindows:    1. 'Intel(R) UHD Graphics 630' (P:0 D:0)
[2022.08.17-09.09.22:899][  0]LogWindows:    2. 'Intel(R) UHD Graphics 630' (P:0 D:0)
[2022.08.17-09.09.22:899][  0]LogWindows:    3. 'NVIDIA GeForce GTX 1650' (P:0 D:0)
[2022.08.17-09.09.22:899][  0]LogWindows:    4. 'NVIDIA GeForce GTX 1650' (P:0 D:0)
[2022.08.17-09.09.22:900][  0]LogWindows:    5. 'NVIDIA GeForce GTX 1650' (P:0 D:0)
[2022.08.17-09.09.22:900][  0]LogWindows:    6. 'NVIDIA GeForce GTX 1650' (P:0 D:0)
[2022.08.17-09.09.22:900][  0]LogWindows: DebugString: PrimaryIsNotTheChoosenAdapter PrimaryIsNotTheChoosenAdapter PrimaryIsNotTheChoosenAdapter FoundDriverCount:4 
[2022.08.17-09.09.22:900][  0]LogD3D11RHI:     Adapter Name: NVIDIA GeForce GTX 1650
[2022.08.17-09.09.22:900][  0]LogD3D11RHI:   Driver Version: 512.78 (internal:30.0.15.1278, unified:512.78)
[2022.08.17-09.09.22:900][  0]LogD3D11RHI:      Driver Date: 5-5-2022
[2022.08.17-09.09.22:901][  0]LogRHI: Texture pool is 2773 MB (70% of 3962 MB)
[2022.08.17-09.09.22:901][  0]LogD3D11RHI: Creating D3DDevice using adapter:
[2022.08.17-09.09.22:901][  0]LogD3D11RHI:     Description : NVIDIA GeForce GTX 1650
[2022.08.17-09.09.22:901][  0]LogD3D11RHI:     VendorId    : 10de
[2022.08.17-09.09.22:901][  0]LogD3D11RHI:     DeviceId    : 1f91
[2022.08.17-09.09.22:901][  0]LogD3D11RHI:     SubSysId    : 8575103c
[2022.08.17-09.09.22:901][  0]LogD3D11RHI:     Revision    : 00a1
[2022.08.17-09.09.22:901][  0]LogD3D11RHI:     DedicatedVideoMemory : 4154458112 bytes
[2022.08.17-09.09.22:901][  0]LogD3D11RHI:     DedicatedSystemMemory : 0 bytes
[2022.08.17-09.09.22:901][  0]LogD3D11RHI:     SharedSystemMemory : 4194316288 bytes
[2022.08.17-09.09.22:901][  0]LogD3D11RHI:     AdapterLuid : 0 98010
[2022.08.17-09.09.22:965][  0]LogD3D11RHI: RHI has support for 64 bit atomics
[2022.08.17-09.09.22:965][  0]LogD3D11RHI: Async texture creation enabled
[2022.08.17-09.09.22:965][  0]LogD3D11RHI: Array index from any shader is supported
[2022.08.17-09.09.22:987][  0]LogD3D11RHI: GPU Timing Frequency: 1000.000000 (Debug: 2 1)
[2022.08.17-09.09.23:045][  0]LogRHI: GeForceNow SDK initialized: 1
[2022.08.17-09.09.23:045][  0]LogRendererCore: Ray tracing is disabled. Reason: r.RayTracing=0.
[2022.08.17-09.09.23:050][  0]LogShaderLibrary: Display: Using ../../../MyProgect/Content/ShaderArchive-Global-PCD3D_SM5.ushaderbytecode for material shader code. Total 1951 unique shaders.
[2022.08.17-09.09.23:050][  0]LogShaderLibrary: Display: Cooked Context: Using Shared Shader Library Global
[2022.08.17-09.09.23:051][  0]LogShaderLibrary: Display: Logical shader library 'Global' has been created, components 1
[2022.08.17-09.09.23:051][  0]LogTemp: Warning: Clearing the OS Cache
[2022.08.17-09.09.23:051][  0]LogODSC: ODSC Thread active.
[2022.08.17-09.09.23:058][  0]LogPakFile: New pak file ../../../MyProgect/Content/Paks/MyProgect-WindowsNoEditor.pak added to pak precacher.
[2022.08.17-09.09.23:085][  0]LogSlate: Using FreeType 2.10.0
[2022.08.17-09.09.23:086][  0]LogSlate: SlateFontServices - WITH_FREETYPE: 1, WITH_HARFBUZZ: 1
[2022.08.17-09.09.23:178][  0]LogShaderLibrary: Display: Using ../../../MyProgect/Content/ShaderArchive-MyProgect-PCD3D_SM5.ushaderbytecode for material shader code. Total 2851 unique shaders.
[2022.08.17-09.09.23:178][  0]LogShaderLibrary: Display: Cooked Context: Using Shared Shader Library MyProgect
[2022.08.17-09.09.23:178][  0]LogShaderLibrary: Display: Logical shader library 'MyProgect' has been created, components 1
[2022.08.17-09.09.23:178][  0]LogRHI: Display: Opened pipeline cache after state change and enqueued 0 of 0 tasks for precompile.
[2022.08.17-09.09.23:179][  0]LogShaderLibrary: Display: Using ../../../MyProgect/Content/ShaderArchive-MyProgect-PCD3D_SM5.ushaderbytecode for material shader code. Total 2851 unique shaders.
[2022.08.17-09.09.23:179][  0]LogShaderLibrary: Display: Cooked Context: Using Shared Shader Library MyProgect
[2022.08.17-09.09.23:179][  0]LogRHI: Display: Opened pipeline cache after state change and enqueued 0 of 0 tasks for precompile.
[2022.08.17-09.09.23:179][  0]LogRHI: Display: Failed to open default shader pipeline cache for MyProgect using shader platform 0.
[2022.08.17-09.09.23:179][  0]LogInit: Using OS detected language (zh-CN).
[2022.08.17-09.09.23:179][  0]LogInit: Using OS detected locale (zh-CN).
[2022.08.17-09.09.23:179][  0]LogTextLocalizationManager: No localization for 'zh-CN' exists, so 'en' will be used for the language.
[2022.08.17-09.09.23:179][  0]LogTextLocalizationManager: No localization for 'zh-CN' exists, so 'en' will be used for the locale.
[2022.08.17-09.09.23:182][  0]LogTextLocalizationManager: Compacting localization data took   1.16ms
[2022.08.17-09.09.23:182][  0]LogAssetRegistry: FAssetRegistry took 0.0021 seconds to start up
[2022.08.17-09.09.23:293][  0]LogStreaming: Display: FlushAsyncLoading: 1 QueuedPackages, 0 AsyncPackages
[2022.08.17-09.09.23:294][  0]LogPackageLocalizationCache: Processed 26 localized package path(s) for 1 prioritized culture(s) in 0.000305 seconds
[2022.08.17-09.09.23:302][  0]LogSerialization: Display: AllowBulkDataInIoStore: 'true'
[2022.08.17-09.09.23:302][  0]LogInit: Selected Device Profile: [WindowsNoEditor]
[2022.08.17-09.09.23:303][  0]LogInit: Active device profile: [0000018781EEF940][00000187F07A0010 49] WindowsNoEditor
[2022.08.17-09.09.23:303][  0]LogInit: Profiles: [0000018781EEFC40][00000187FC8A0010 49] Windows, [0000018781EEF940][00000187F07A0010 49] WindowsNoEditor, 
[2022.08.17-09.09.23:359][  0]LogNetVersion: MyProgect 1.0.0, NetCL: 17155196, EngineNetVer: 17, GameNetVer: 0 (Checksum: 3662540144)
[2022.08.17-09.09.23:588][  0]LogAudioCaptureCore: Display: No Audio Capture implementations found. Audio input will be silent.
[2022.08.17-09.09.23:588][  0]LogAudioCaptureCore: Display: No Audio Capture implementations found. Audio input will be silent.
[2022.08.17-09.09.23:590][  0]LogHMD: PokeAHoleMaterial loaded successfully
[2022.08.17-09.09.23:646][  0]LogMoviePlayer: Initializing movie player
[2022.08.17-09.09.23:648][  0]LogNiagaraDebuggerClient: Niagara Debugger Client Initialized | Session: 43EFD4F44C91ED7E13EFE0BF093D64B5 | Instance: DC9984824735D1428185C0BBCC812C10 (LAPTOP-4UENPLSO-5604).
[2022.08.17-09.09.23:659][  0]LogAndroidPermission: UAndroidPermissionCallbackProxy::GetInstance
[2022.08.17-09.09.23:660][  0]LogOcInput: OculusInput pre-init called
[2022.08.17-09.09.23:696][  0]LogUObjectArray: 15771 objects as part of root set at end of initial load.
[2022.08.17-09.09.23:696][  0]LogUObjectArray: 2 objects are not in the root set, but can never be destroyed because they are in the DisregardForGC set.
[2022.08.17-09.09.23:696][  0]LogUObjectAllocator: 3198280 out of 0 bytes used by permanent object pool.
[2022.08.17-09.09.23:696][  0]LogUObjectArray: CloseDisregardForGC: 15771/15771 objects in disregard for GC pool
[2022.08.17-09.09.23:711][  0]LogEngine: Initializing Engine...
[2022.08.17-09.09.23:738][  0]LogHMD: Failed to enumerate extensions. Please check that you have a valid OpenXR runtime installed.
[2022.08.17-09.09.23:739][  0]LogHMD: Failed to initialize OpenVR with code 110
[2022.08.17-09.09.23:748][  0]LogStats: UGameplayTagsManager::InitializeManager -  0.001 s
[2022.08.17-09.09.24:016][  0]LogInit: Initializing FReadOnlyCVARCache
[2022.08.17-09.09.24:016][  0]LogAudio: Display: Initializing Audio Device Manager...
[2022.08.17-09.09.24:016][  0]LogAudio: Display: Loading Default Audio Settings Objects...
[2022.08.17-09.09.24:018][  0]LogAudio: Display: No default SoundConcurrencyObject specified (or failed to load).
[2022.08.17-09.09.24:018][  0]LogAudio: Display: Audio Device Manager Initialized
[2022.08.17-09.09.24:018][  0]LogAudio: Display: Creating Audio Device:                 Id: 1, Scope: Shared, Realtime: True
[2022.08.17-09.09.24:018][  0]LogAudioMixer: Display: Audio Mixer Platform Settings:
[2022.08.17-09.09.24:018][  0]LogAudioMixer: Display: 	Sample Rate:						  48000
[2022.08.17-09.09.24:018][  0]LogAudioMixer: Display: 	Callback Buffer Frame Size Requested: 1024
[2022.08.17-09.09.24:018][  0]LogAudioMixer: Display: 	Callback Buffer Frame Size To Use:	  1024
[2022.08.17-09.09.24:018][  0]LogAudioMixer: Display: 	Number of buffers to queue:			  2
[2022.08.17-09.09.24:018][  0]LogAudioMixer: Display: 	Max Channels (voices):				  32
[2022.08.17-09.09.24:018][  0]LogAudioMixer: Display: 	Number of Async Source Workers:		  0
[2022.08.17-09.09.24:018][  0]LogAudio: Display: AudioDevice MaxSources: 32
[2022.08.17-09.09.24:019][  0]LogAudio: Display: Audio Spatialization Plugin: None (built-in).
[2022.08.17-09.09.24:019][  0]LogAudio: Display: Audio Reverb Plugin: None (built-in).
[2022.08.17-09.09.24:019][  0]LogAudio: Display: Audio Occlusion Plugin: None (built-in).
[2022.08.17-09.09.24:019][  0]LogAudioMixer: Display: Initializing audio mixer.
[2022.08.17-09.09.24:032][  0]LogAudioDebug: Display: Lib vorbis DLL was dynamically loaded.
[2022.08.17-09.09.24:053][  0]LogAudioMixer: Display: 0: FrontLeft
[2022.08.17-09.09.24:053][  0]LogAudioMixer: Display: 1: FrontRight
[2022.08.17-09.09.24:109][  0]LogAudioMixer: Display: Using Audio Device Speaker / Headphone (Realtek(R) Audio)
[2022.08.17-09.09.24:109][  0]LogAudioMixer: Display: Initializing Sound Submixes...
[2022.08.17-09.09.24:110][  0]LogAudioMixer: Display: Creating Master Submix 'MasterSubmixDefault'
[2022.08.17-09.09.24:110][  0]LogAudioMixer: Display: Creating Master Submix 'MasterReverbSubmixDefault'
[2022.08.17-09.09.24:112][  0]LogAudioMixer: Display: Creating Master Submix 'MasterEQSubmixDefault'
[2022.08.17-09.09.24:112][  0]LogAudioMixer: FMixerPlatformXAudio2::StartAudioStream() called
[2022.08.17-09.09.24:112][  0]LogAudioMixer: Display: Output buffers initialized: Frames=1024, Channels=2, Samples=2048
[2022.08.17-09.09.24:112][  0]LogAudioMixer: Display: Starting AudioMixerPlatformInterface::RunInternal()
[2022.08.17-09.09.24:112][  0]LogAudioMixer: Display: FMixerPlatformXAudio2::SubmitBuffer() called for the first time
[2022.08.17-09.09.24:112][  0]LogInit: FAudioDevice initialized.
[2022.08.17-09.09.24:113][  0]LogNetVersion: Set ProjectVersion to 1.0.0.0. Version Checksum will be recalculated on next use.
[2022.08.17-09.09.24:114][  0]LogInit: Texture streaming: Enabled
[2022.08.17-09.09.24:132][  0]LogAudio: Display: Audio Device (ID: 1) registered with world 'Untitled'.
[2022.08.17-09.09.24:133][  0]LogSlate: Updating window title bar state: overlay mode, drag disabled, window buttons hidden, title bar hidden
[2022.08.17-09.09.24:135][  0]LogInit: Display: Game Engine Initialized.
[2022.08.17-09.09.24:136][  0]LogInit: Display: Starting Game.
[2022.08.17-09.09.24:136][  0]LogNet: Browse: /Game/Content/Levels/myMap?Name=Player
[2022.08.17-09.09.24:136][  0]LogLoad: LoadMap: /Game/Content/Levels/myMap?Name=Player
[2022.08.17-09.09.24:136][  0]LogWorld: BeginTearingDown for /Temp/Untitled_0
[2022.08.17-09.09.24:140][  0]LogWorld: UWorld::CleanupWorld for Untitled, bSessionEnded=true, bCleanupResources=true
[2022.08.17-09.09.24:140][  0]LogSlate: InvalidateAllWidgets triggered.  All widgets were invalidated
[2022.08.17-09.09.24:145][  0]LogAudio: Display: Audio Device unregistered from world 'None'.
[2022.08.17-09.09.24:147][  0]LogUObjectHash: Compacting FUObjectHashTables data took   0.78ms
[2022.08.17-09.09.24:368][  0]LogAudio: Display: Audio Device (ID: 1) registered with world 'myMap'.
[2022.08.17-09.09.24:375][  0]LogAIModule: Creating AISystem for world myMap
[2022.08.17-09.09.24:377][  0]LogLoad: Game class is 'ThirdPersonGameMode_C'
[2022.08.17-09.09.24:416][  0]LogPhysics: Warning: ForeachShape(Trimesh): ScaledElem[0] invalid
[2022.08.17-09.09.24:433][  0]LogWorld: Bringing World /Game/Content/Levels/myMap.myMap up for play (max tick rate 0) at 2022.08.17-17.09.24
[2022.08.17-09.09.24:435][  0]LogWorld: Bringing up level for play took: 0.055997
[2022.08.17-09.09.24:444][  0]LogLoad: Took 0.307546 seconds to LoadMap(/Game/Content/Levels/myMap)
[2022.08.17-09.09.24:594][  0]LogSlate: Took 0.000712 seconds to synchronously load lazily loaded font '../../../Engine/Content/Slate/Fonts/Roboto-Regular.ttf' (155K)
[2022.08.17-09.09.24:694][  0]LogRenderer: Reallocating scene render targets to support 1536x864 Format 10 NumSamples 1 (Frame:1).
[2022.08.17-09.09.24:694][  0]LogRHI: Display: ShaderPipelineCache: Paused Batching. 1
[2022.08.17-09.09.24:694][  0]LogPakFile: AllPaks IndexSizes: DirectoryHashSize=366072, PathHashSize=16, EntriesSize=73728, TotalSize=439816
[2022.08.17-09.09.24:694][  0]LogRHI: Display: ShaderPipelineCache: Resumed Batching. 0
[2022.08.17-09.09.24:694][  0]LogRHI: Display: ShaderPipelineCache: Batching Resumed.
[2022.08.17-09.09.24:694][  0]LogInit: Display: Engine is initialized. Leaving FEngineLoop::Init()
[2022.08.17-09.09.24:694][  0]LogLoad: (Engine Initialization) Total time: 2.80 seconds
[2022.08.17-09.09.24:705][  0]LogContentStreaming: Texture pool size now 1000 MB
[2022.08.17-09.09.25:199][  2]LogRenderer: Reallocating scene render targets to support 128x128 Format 10 NumSamples 1 (Frame:1).
[2022.08.17-09.09.25:253][  2]LogRenderer: Reallocating scene render targets to support 1536x864 Format 10 NumSamples 1 (Frame:2).
[2022.08.17-09.09.25:468][ 11]LogPakFile: Precache HighWater 16MB

[2022.08.17-09.10.47:816][ 57]LogSlate: Request Window 'MyProgect (64-bit Development PCD3D_SM5) ' being destroyed
